2025-09-19 10:15:45,860 - simulation - INFO - SimulationRunner initialization complete - Configuration file: configs\config.yaml
2025-09-19 10:15:45,861 - simulation - INFO - Initializing environment: URDF=models/urdf/svdog2_2_description/svdog2_2.urdf, pos=[0, 0, 0.08], rot=[0, 0, 135]
2025-09-19 10:15:48,417 - simulation - INFO - Physics parameters set: gravity=[0, 0, -9.8], timestep=0.00416667
2025-09-19 10:15:48,420 - simulation - INFO - Gait generator configured: pattern=trot, amplitude=0.25, frequency=1.5
2025-09-19 10:15:48,949 - simulation - INFO - LiDAR sensor initialized: rays=32, length=1.0
2025-09-19 10:15:49,680 - simulation - INFO - Obstacle course initialized: type=simple, length=5.0
2025-09-19 10:15:50,263 - simulation - INFO - Goal initialized: position=[2.0, 0, 0], radius=0.3
2025-09-19 10:15:50,263 - simulation - INFO - Starting robot walking simulation - Max steps: 5000
2025-09-19 10:15:50,266 - simulation - INFO - Initial scan complete - Detected 8 obstacles
2025-09-19 10:15:50,277 - simulation - INFO - Step 0: Position: (9.381474357009672e-05, -0.0026691922023063257, 0.07057883898412527), Elapsed time: 0.01 seconds
2025-09-19 10:15:51,857 - simulation - INFO - Step 100: Position: (0.06421477995973829, -0.007249481010813826, 0.06978643943198344), Elapsed time: 1.59 seconds
2025-09-19 10:15:53,430 - simulation - INFO - Step 200: Position: (0.1339918707197713, -0.006583222222422024, 0.06972279098116017), Elapsed time: 3.16 seconds
2025-09-19 10:15:54,993 - simulation - INFO - Step 300: Position: (0.2039702280953733, -0.014352146275379314, 0.06979354864114584), Elapsed time: 4.73 seconds
2025-09-19 10:15:56,572 - simulation - INFO - Step 400: Position: (0.2739115758679795, -0.01374771156822131, 0.06972164059968877), Elapsed time: 6.31 seconds
2025-09-19 10:15:58,143 - simulation - INFO - Step 500: Position: (0.3438886520855861, -0.021478267962593865, 0.06979337845888944), Elapsed time: 7.88 seconds
2025-09-19 10:15:59,715 - simulation - INFO - Step 600: Position: (0.41380633463942135, -0.020740808477846553, 0.06972627276019543), Elapsed time: 9.45 seconds
2025-09-19 10:16:01,286 - simulation - INFO - Step 700: Position: (0.48376493624232225, -0.02838550716411988, 0.06979292296817072), Elapsed time: 11.02 seconds
2025-09-19 10:16:02,851 - simulation - INFO - Step 800: Position: (0.5543284592613787, -0.027213642879568435, 0.06970209260020234), Elapsed time: 12.58 seconds
2025-09-19 10:16:04,415 - simulation - INFO - Step 900: Position: (0.5755959171515653, -0.03280116120657175, 0.06942586224285029), Elapsed time: 14.15 seconds
2025-09-19 10:16:05,975 - simulation - INFO - Step 1000: Position: (0.579985185419637, -0.029273408395020985, 0.06931254008737632), Elapsed time: 15.71 seconds
2025-09-19 10:16:07,540 - simulation - INFO - Step 1100: Position: (0.5792093083112742, -0.027281344111745362, 0.06933078042282424), Elapsed time: 17.27 seconds
2025-09-19 10:16:09,097 - simulation - INFO - Step 1200: Position: (0.579778605753973, -0.020220176709240128, 0.0691971148277331), Elapsed time: 18.83 seconds
2025-09-19 10:16:10,666 - simulation - INFO - Step 1300: Position: (0.5792814734311805, -0.018620588004330665, 0.06950121427894289), Elapsed time: 20.40 seconds
2025-09-19 10:16:12,226 - simulation - INFO - Step 1400: Position: (0.5777976292511375, -0.010413457464005307, 0.06927203234775484), Elapsed time: 21.96 seconds
2025-09-19 10:16:13,786 - simulation - INFO - Step 1500: Position: (0.5786138479401979, -0.008809484332742996, 0.06917559335773085), Elapsed time: 23.52 seconds
2025-09-19 10:16:15,358 - simulation - INFO - Step 1600: Position: (0.5770826602739162, -0.0038438672673985308, 0.06927805289686843), Elapsed time: 25.09 seconds
2025-09-19 10:16:16,918 - simulation - INFO - Step 1700: Position: (0.5784496049164995, -0.0046490724478899835, 0.06920566387666229), Elapsed time: 26.65 seconds
2025-09-19 10:16:18,493 - simulation - INFO - Step 1800: Position: (0.5771499449360469, -0.0007553385272179682, 0.06929872315199948), Elapsed time: 28.23 seconds
2025-09-19 10:16:20,053 - simulation - INFO - Step 1900: Position: (0.5781672774764036, 0.00026651797928083743, 0.0696267266353589), Elapsed time: 29.79 seconds
2025-09-19 10:16:21,620 - simulation - INFO - Step 2000: Position: (0.5766702123841426, 0.0035975618448939855, 0.0693244656429819), Elapsed time: 31.35 seconds
2025-09-19 10:16:23,201 - simulation - INFO - Step 2100: Position: (0.5784396903654937, 0.002249607338274, 0.06925627546815775), Elapsed time: 32.93 seconds
2025-09-19 10:16:24,765 - simulation - INFO - Step 2200: Position: (0.5773547229751584, 0.0044385636107007334, 0.06928237286660138), Elapsed time: 34.50 seconds
2025-09-19 10:16:26,327 - simulation - INFO - Step 2300: Position: (0.5785245994443351, 0.00022193762032123433, 0.06917367423040433), Elapsed time: 36.06 seconds
2025-09-19 10:16:27,890 - simulation - INFO - Step 2400: Position: (0.574359981738697, 0.03306364769290967, 0.08092964813900942), Elapsed time: 37.62 seconds
2025-09-19 10:16:29,463 - simulation - INFO - Step 2500: Position: (0.5881142691569533, 0.06361106576231396, 0.06976549560659989), Elapsed time: 39.20 seconds
2025-09-19 10:16:31,032 - simulation - INFO - Step 2600: Position: (0.5991500613840849, 0.0815753386694483, 0.06993930913152369), Elapsed time: 40.77 seconds
2025-09-19 10:16:32,611 - simulation - INFO - Step 2700: Position: (0.6287647665401739, 0.09575537458349415, 0.06925738197431583), Elapsed time: 42.34 seconds
2025-09-19 10:16:34,181 - simulation - INFO - Step 2800: Position: (0.6909320748834995, 0.12369370630900836, 0.06987347199322506), Elapsed time: 43.92 seconds
2025-09-19 10:16:35,750 - simulation - INFO - Step 2900: Position: (0.7626476094217101, 0.13950037098657228, 0.0696707471745402), Elapsed time: 45.48 seconds
2025-09-19 10:16:37,320 - simulation - INFO - Step 3000: Position: (0.8308859606718175, 0.16066383996261394, 0.06986661255365163), Elapsed time: 47.05 seconds
2025-09-19 10:16:38,883 - simulation - INFO - Step 3100: Position: (0.9036469957661916, 0.1722056802412885, 0.06968166440286565), Elapsed time: 48.62 seconds
2025-09-19 10:16:40,446 - simulation - INFO - Step 3200: Position: (0.9732186179983673, 0.1900014801758486, 0.0714555426247684), Elapsed time: 50.18 seconds
2025-09-19 10:16:42,025 - simulation - INFO - Step 3300: Position: (1.0452398939701082, 0.20016757691193823, 0.06953694104125627), Elapsed time: 51.76 seconds
2025-09-19 10:16:43,580 - simulation - INFO - Step 3400: Position: (1.109149476359608, 0.2109386149960832, 0.07142510458290562), Elapsed time: 53.31 seconds
2025-09-19 10:16:45,153 - simulation - INFO - Step 3500: Position: (1.1764253477819708, 0.21320052406087478, 0.07136078828445853), Elapsed time: 54.89 seconds
2025-09-19 10:16:46,721 - simulation - INFO - Step 3600: Position: (1.233254159450919, 0.2197800864738234, 0.07418698368490717), Elapsed time: 56.45 seconds
2025-09-19 10:16:48,285 - simulation - INFO - Step 3700: Position: (1.29960096441321, 0.21686688122322176, 0.07361871343984029), Elapsed time: 58.02 seconds
2025-09-19 10:16:49,859 - simulation - INFO - Step 3800: Position: (1.3640411358287965, 0.22198681154258276, 0.07731870186207776), Elapsed time: 59.59 seconds
2025-09-19 10:16:51,432 - simulation - INFO - Step 3900: Position: (1.4355325154441223, 0.22117015379325927, 0.07685844711400136), Elapsed time: 61.17 seconds
2025-09-19 10:16:52,997 - simulation - INFO - Step 4000: Position: (1.4937715823794944, 0.22032035103238254, 0.06928007793037526), Elapsed time: 62.73 seconds
2025-09-19 10:16:54,565 - simulation - INFO - Step 4100: Position: (1.5548017427704803, 0.21676513936866898, 0.06984525497858476), Elapsed time: 64.30 seconds
2025-09-19 10:16:56,134 - simulation - INFO - Step 4200: Position: (1.6263438317984156, 0.22113161782508917, 0.06975248458957796), Elapsed time: 65.87 seconds
2025-09-19 10:16:57,698 - simulation - INFO - Step 4300: Position: (1.697207302225319, 0.22068254615856997, 0.06973470480604106), Elapsed time: 67.43 seconds
2025-09-19 10:16:59,262 - simulation - INFO - Step 4400: Position: (1.7675258132183915, 0.2281618245050028, 0.06977283897172354), Elapsed time: 68.99 seconds
2025-09-19 10:17:00,834 - simulation - INFO - Step 4500: Position: (1.8373097635423425, 0.22737013761889588, 0.06974491058121401), Elapsed time: 70.57 seconds
2025-09-19 10:17:02,395 - simulation - INFO - Step 4600: Position: (1.9073112391996014, 0.23471763004434965, 0.06977197458486212), Elapsed time: 72.13 seconds
2025-09-19 10:17:03,971 - simulation - INFO - Step 4700: Position: (1.9491199180857113, 0.23395349156338135, 0.06954814549819202), Elapsed time: 73.71 seconds
2025-09-19 10:17:05,536 - simulation - INFO - Step 4800: Position: (1.949013803953309, 0.2395623502351656, 0.06921878495196357), Elapsed time: 75.27 seconds
2025-09-19 10:17:07,095 - simulation - INFO - Step 4900: Position: (1.949378381186617, 0.23769337942658547, 0.06923144807666434), Elapsed time: 76.83 seconds
2025-09-19 10:17:08,649 - simulation - INFO - Simulation complete: Time limit reached - Total time: 78.38 seconds, Steps: 5000
2025-09-19 10:17:08,649 - simulation - INFO - Simulation completed
2025-09-19 10:17:08,778 - simulation - INFO - Environment closed
